$ID,1,200
$MISSION,1,1000
$DIVE,0,0
$D_SURF,2,3
$D_FLARE,2,3
$D_TGT,45,45
$D_ABORT,100,100
$D_NO_BLEED,50,50
$D_FINISH,0,0
$D_PITCH,0,0
$D_SAFE,0,0
$D_CALL,0,0
$SURFACE_URGENCY,0,0
$SURFACE_URGENCY_TRY,0,0
$SURFACE_URGENCY_FORCE,0,0
$T_DIVE,15,15
$T_MISSION,30,30
$T_ABORT,1440,1440
$T_TURN,225,225
$T_TURN_SAMPINT,5,5
$T_NO_W,120,120
$USE_BATHY,-15,-1
$USE_ICE,0,0
$ICE_FREEZE_MARGIN,0,1
$D_OFFGRID,100,100
$T_WATCHDOG,10,10
$RELAUNCH,1,1
$APOGEE_PITCH,-5,-5
$MAX_BUOY,150,150
$COURSE_BIAS,0,0
$GLIDE_SLOPE,30,30
$SPEED_FACTOR,1,1
$RHO,1.023,1.023
$MASS,50500,52000
$NAV_MODE,0,0
$FERRY_MAX,0,90
$KALMAN_USE,2,2
$HD_A,0.001,0.005
$HD_B,0.001,0.02
$HD_C,0,0.0001
$HEADING,-1,-1
$ESCAPE_HEADING,0,0
$ESCAPE_HEADING_DELTA,10,10
$FIX_MISSING_TIMEOUT,0,0
$TGT_DEFAULT_LAT,0,9000
$TGT_DEFAULT_LON,-18000,18000
$TGT_AUTO_DEFAULT,0,0
$SM_CC,600,800
$N_FILEKB,4,8
$FILEMGR,0,0
$CALL_NDIVES,1,1
$COMM_SEQ,0,0
$KERMIT,0,0
$N_NOCOMM,1,1
$N_NOSURFACE,0,0
$UPLOAD_DIVES_MAX,-1,-1
$CALL_TRIES,5,5
$CALL_WAIT,60,60
$CAPUPLOAD,0,0
$CAPMAXSIZE,100000,100000
$HEAPDBG,0,0
$T_GPS,15,15
$T_GPS_ALMANAC,0,0
$T_GPS_CHARGE,-1000000,0
$T_RSLEEP,2,2
$RAFOS_PEAK_OFFSET,1.5,1.5
$RAFOS_CORR_THRESH,60,60
$RAFOS_HIT_WINDOW,3600,3600
$PITCH_MIN,50,750
$PITCH_MAX,3000,4050
$C_PITCH,1000,3500
$PITCH_DBAND,0.1,0.1
$PITCH_CNV,0.003,0.0047,SG=0.003126,SGX=0.00413
$P_OVSHOOT,0.035,0.045
$PITCH_GAIN,10,30
$PITCH_TIMEOUT,12,20
$PITCH_AD_RATE,100,200
$PITCH_MAXERRORS,1,1
$PITCH_ADJ_GAIN,0.06,0.06
$PITCH_ADJ_DBAND,1,1
$ROLL_MIN,50,500
$ROLL_MAX,3000,4050
$ROLL_DEG,40,40
$C_ROLL_DIVE,1000,3000
$C_ROLL_CLIMB,1000,3000
$$HEAD_ERRBAND,10,10
ROLL_CNV,0.028,0.055,SG=0.02827,SGX=0.054945
$ROLL_TIMEOUT,15,15
$R_PORT_OVSHOOT,5,60
$R_STBD_OVSHOOT,5,60
$ROLL_AD_RATE,300,500
$ROLL_MAXERRORS,0,0
$ROLL_ADJ_GAIN,0,0
$ROLL_ADJ_DBAND,0,0
$VBD_MIN,50,700
$VBD_MAX,3200,4050
$C_VBD,1600,3800
$VBD_DBAND,2,2
$VBD_CNV,-0.25,-0.24
$VBD_TIMEOUT,360,360
$PITCH_VBD_SHIFT,0.001,0.002
$VBD_PUMP_AD_RATE_SURFACE,5,5
$VBD_PUMP_AD_RATE_APOGEE,4,4
$VBD_BLEED_AD_RATE,8,8
$UNCOM_BLEED,20,20
$VBD_MAXERRORS,1,1
$CF8_MAXERRORS,0,0
$AH0_24V,90,150
$AH0_10V,60,110
$PHONE_SUPPLY,2,2
$PRESSURE_YINT,-10,0
$PRESSURE_SLOPE,8e-05,10e-05
$AD7714Ch0Gain,64,64
$TCM_PITCH_OFFSET,0,0
$TCM_ROLL_OFFSET,0,0
$COMPASS_USE,0,0
$ALTIM_BOTTOM_PING_RANGE,0,0
$ALTIM_TOP_PING_RANGE,0,0
$ALTIM_BOTTOM_TURN_MARGIN,0,0
$ALTIM_TOP_TURN_MARGIN,0,0
$ALTIM_TOP_MIN_OBSTACLE,1,1
$ALTIM_PING_DEPTH,0,0
$ALTIM_PING_DELTA,10,10
$ALTIM_FREQUENCY,13,13
$ALTIM_PULSE,3,3
$ALTIM_SENSITIVITY,3,3
$XPDR_VALID,0,0
$XPDR_INHIBIT,90,90
$INT_PRESSURE_SLOPE,0.0097,0.0099
$INT_PRESSURE_YINT,0,0
$DEEPGLIDER,0,0
$DEEPGLIDERMB,0,0
$MOTHERBOARD,4,5
$DEVICE1,2,2
$DEVICE2,35,53
$DEVICE3,35,53
$DEVICE4,-1,-1
$DEVICE5,-1,-1
$DEVICE6,-1,-1
$SMARTS,0,0
$SMARTDEVICE1,-1,-1
$SMARTDEVICE2,-1,-1
$COMPASS_DEVICE,33,33
$COMPASS2_DEVICE,-1,-1
$PHONE_DEVICE,48,48
$GPS_DEVICE,32,32
$RAFOS_DEVICE,-1,-1
$XPDR_DEVICE,24,24
$SIM_PITCH,0,0
$SEABIRD_T_G,0.003,0.006
$SEABIRD_T_H,0.0005,0.0008
$SEABIRD_T_I,1e-5,4e-5
$SEABIRD_T_J,1e-6,5e-6
$SEABIRD_C_G,-12,-10
$SEABIRD_C_H,0.5,1.5
$SEABIRD_C_I,-5e-3,-0.5e-3
$SEABIRD_C_J,1e-4,4e-4
$SIM_W,0,0
$N_GPS,20,20
