$ID,1,550
$MISSION,1,1000
$DIVE,0,0
$D_SURF,2,4
$D_FLARE,2,5
$D_TGT,45,45
$D_ABORT,90,125
$D_NO_BLEED,50,50
$D_FINISH,0,0
$D_PITCH,0,0
$D_SAFE,0,0
$D_CALL,0,0
$SURFACE_URGENCY,0,0
$SURFACE_URGENCY_TRY,0,0
$SURFACE_URGENCY_FORCE,0,0
$T_DIVE,15,15
$T_MISSION,25,30
$T_ABORT,1440,1440
$T_TURN,225,225
$T_TURN_SAMPINT,-5,-5
$T_NO_W,120,120
$USE_BATHY,-15,-1
$USE_ICE,0,0
$ICE_FREEZE_MARGIN,0,1
$D_OFFGRID,100,100
$RELAUNCH,1,1
$APOGEE_PITCH,-5,-5
$MAX_BUOY,150,150
$GLIDE_SLOPE,30,30
$SPEED_FACTOR,1,1
$RHO,1.023,1.0235
$MASS,50500,75000
$NAV_MODE,0,2
$FERRY_MAX,0,90
$KALMAN_USE,2,2
$HD_A,0.001,0.005
$HD_B,0.001,0.02
$HD_C,0,0.0001
$HEADING,-1,-1
$ESCAPE_HEADING,0,0
$ESCAPE_HEADING_DELTA,10,10
$FIX_MISSING_TIMEOUT,0,0
$TGT_DEFAULT_LAT,0,9000
$TGT_DEFAULT_LON,-18000,18000
$TGT_AUTO_DEFAULT,0,0
$SM_CC,600,800
$N_FILEKB,8,8
$FILEMGR,0,0
$CALL_NDIVES,1,1
$COMM_SEQ,7,7
$PROTOCOL,9,9
$N_NOCOMM,1,1
$NOCOMM_ACTION,129,131
$N_NOSURFACE,0,0
$UPLOAD_DIVES_MAX,-1,-1
$CALL_TRIES,5,5
$CALL_WAIT,60,60
$CAPUPLOAD,0,0
$CAPMAXSIZE,100000,100000
$T_GPS,5,10
$T_RSLEEP,2,3
$RAFOS_PEAK_OFFSET,0.0,0.0
$RAFOS_CORR_THRESH,60,60
$RAFOS_HIT_WINDOW,3600,3600
$PITCH_MIN,50,750
$PITCH_MAX,3000,4050
$C_PITCH,1000,3500
$PITCH_DBAND,0.1,0.1
$PITCH_CNV,0.003,0.0047,SG=0.003126,SGX=0.00413
$PITCH_GAIN,10,36
$PITCH_TIMEOUT,25,30
$PITCH_MAXERRORS,1,1
$PITCH_ADJ_GAIN,0.029,0.061
$PITCH_ADJ_DBAND,1,1
$ROLL_MIN,50,500
$ROLL_MAX,3000,4050
$ROLL_DEG,80,90
$C_ROLL_CLIMB,1000,3000
$C_ROLL_DIVE,1000,3000
$HEAD_ERRBAND,10,10
$ROLL_CNV,0.028,0.055,SG=0.02827,SGX=0.054945,SG(extended)=0.04555
$ROLL_TIMEOUT,15,15
$ROLL_MAXERRORS,0,1
$ROLL_ADJ_GAIN,0,0
$ROLL_ADJ_DBAND,0,0
$VBD_LP_IGNORE,0,0
$VBD_MIN,50,700
$VBD_MAX,3200,4050
$C_VBD,1600,3800
$VBD_DBAND,2,2
$VBD_CNV,-0.25,-0.24
$VBD_TIMEOUT,360,720
$PITCH_VBD_SHIFT,0.001,0.002
$UNCOM_BLEED,20,50
$VBD_MAXERRORS,1,1
$CF8_MAXERRORS,0,20
$AH0_10V,300,575,SG=350,SGX=575
$PRESSURE_YINT,-190,-150
$PRESSURE_SLOPE,0.00021,0.00024
$COMPASS_USE,16388,49156
$ALTIM_PING_FIT,0,0
$ALTIM_TOP_PING_RANGE,0,0
$ALTIM_BOTTOM_TURN_MARGIN,0,0
$ALTIM_TOP_TURN_MARGIN,0,0
$ALTIM_TOP_MIN_OBSTACLE,1,1
$ALTIM_PING_DEPTH,0,0
$ALTIM_PING_DELTA,10,10
$ALTIM_FREQUENCY,13,13
$ALTIM_PULSE,3,3
$ALTIM_SENSITIVITY,3,3
$XPDR_VALID,0,0
$XPDR_INHIBIT,90,90
$DEEPGLIDERMB,0,0
$MOTHERBOARD,6,6
$DEVICE1,-1,-1
$DEVICE2,-1,-1
$DEVICE3,-1,-1
$DEVICE4,-1,-1
$DEVICE5,-1,-1
$DEVICE6,-1,-1
$LOGGERS,7,7
$LOGGERDEVICE1,0,0
$LOGGERDEVICE2,-1,-1
$LOGGERDEVICE3,-1,-1
$LOGGERDEVICE4,-1,-1
$COMPASS_DEVICE,33,97
$COMPASS2_DEVICE,-1,-1
$PHONE_DEVICE,33,33
$GPS_DEVICE,16,48
$RAFOS_DEVICE,-1,-1
$XPDR_DEVICE,21,21
$SEABIRD_T_G,0.003,0.006
$SEABIRD_T_H,0.0005,0.0008
$SEABIRD_T_I,1e-5,4e-5
$SEABIRD_T_J,1e-6,5e-6
$SEABIRD_C_G,-12,-9
$SEABIRD_C_H,0.5,1.5
$SEABIRD_C_I,-5e-3,-0.5e-3
$SEABIRD_C_J,1e-4,4e-4
$SIM_W,0,0
$D_BOOST,2,110
$T_BOOST,0,0
$T_LOITER,0,0
$T_EPIRB,0,15
$N_GPS,100440,100440
$MINV_10V,8,11
$FG_AHR_10V,0,10
$N_DIVES,1,2
$SC_XMITPROFILE,3,7
$SC_PROFILE,3,7
$SC_RECORDABOVE,200,2000
$DBDW,0,0
$W_ADJ_DBAND,0,0
$PITCH_W_GAIN,0,0
$PITCH_W_DBAND,0,0
$MAXI_10V,1.4,1.5
$STOP_T,0,0
$STROBE,0,0
$LOITER_DBDW,0,0
$LOITER_W_DBAND,0,0
$LOITER_D_BOTTOM,0,0
$LOITER_D_TOP,0,0
$LOITER_N_DIVE,0,0
$DEEPGLIDER,0,0
$RAFOS_MMODEM,0,0
$XPDR_INT,0,0
$XPDR_REP,0,0
$C_PITCH_AUTO_DELTA,0,0
$C_PITCH_AUTO_MAX,0,0
$PITCH_GAIN_AUTO_DELTA,0,0
$PITCH_GAIN_AUTO_MAX,0,0
$C_VBD_AUTO_DELTA,0,0
$C_VBD_AUTO_MAX,0,0
$OPTIONS,0,0
$NAV_DEVICE,-1,-1
$NAV2_DEVICE,-1,1
$NAV3_DEVICE,-1,1
$NAV4_DEVICE,-1,1
$NETWORK_DEVICE,-1,-1
$NETBOX,1,3
$PRESSURE_DEVICE,34,34
$SIMULATE,0,0
$D_BATHY_OFFSET,0,0
opt $PM_SENDDEPTH,1,1
opt $TM_PROFILE,3,3
opt $PM_MOTORS,0,0
opt $PM_NDIVE,0,1
opt $PM_XMITPROFILE,3,7
opt $PM_XMITRAW,0,0
opt $PM_PROFILE,3,7
opt $PM_RECORDABOVE,2000,2000
opt $TM_RECORDABOVE,2000,2000
opt $TM_PROFILE,3,3
opt $TM_XMITPROFILE,3,3
opt $TM_LOGSAMPLE,0,0
opt $TM_XMITRAW,0,0
opt $CP_XMITPROFILE,1,3
opt $CP_NDIVE,1,2
opt $SC_NDIVE,1,1
opt $TM_NDIVE,1,1
